Vivado Simulator 2019.1
Time resolution is 1 ps
WARNING: This core is supplied with a behavioral model. To model cycle-accurate behavior you must run timing simulation.
WARNING: This core is supplied with a behavioral model. To model cycle-accurate behavior you must run timing simulation.
WARNING in TestBench.ppU.DM.inst at time               155000 ns: 
Reading from out-of-range address. Max address in TestBench.ppU.DM.inst is         255
WARNING in TestBench.ppU.DM.inst at time               255000 ns: 
Reading from out-of-range address. Max address in TestBench.ppU.DM.inst is         255
WARNING in TestBench.ppU.DM.inst at time               305000 ns: 
Reading from out-of-range address. Max address in TestBench.ppU.DM.inst is         255
WARNING in TestBench.ppU.DM.inst at time               335000 ns: 
Reading from out-of-range address. Max address in TestBench.ppU.DM.inst is         255
WARNING in TestBench.ppU.DM.inst at time               365000 ns: 
Reading from out-of-range address. Max address in TestBench.ppU.DM.inst is         255
WARNING in TestBench.ppU.DM.inst at time               395000 ns: 
Reading from out-of-range address. Max address in TestBench.ppU.DM.inst is         255
WARNING in TestBench.ppU.DM.inst at time               425000 ns: 
Reading from out-of-range address. Max address in TestBench.ppU.DM.inst is         255
WARNING in TestBench.ppU.DM.inst at time               455000 ns: 
Reading from out-of-range address. Max address in TestBench.ppU.DM.inst is         255
WARNING in TestBench.ppU.DM.inst at time               485000 ns: 
Reading from out-of-range address. Max address in TestBench.ppU.DM.inst is         255
WARNING in TestBench.ppU.DM.inst at time               515000 ns: 
Reading from out-of-range address. Max address in TestBench.ppU.DM.inst is         255
WARNING in TestBench.ppU.DM.inst at time               545000 ns: 
Reading from out-of-range address. Max address in TestBench.ppU.DM.inst is         255
WARNING in TestBench.ppU.DM.inst at time               575000 ns: 
Reading from out-of-range address. Max address in TestBench.ppU.DM.inst is         255
WARNING in TestBench.ppU.DM.inst at time               605000 ns: 
Reading from out-of-range address. Max address in TestBench.ppU.DM.inst is         255
WARNING in TestBench.ppU.DM.inst at time               635000 ns: 
Reading from out-of-range address. Max address in TestBench.ppU.DM.inst is         255
WARNING in TestBench.ppU.DM.inst at time               665000 ns: 
Reading from out-of-range address. Max address in TestBench.ppU.DM.inst is         255
WARNING in TestBench.ppU.DM.inst at time               695000 ns: 
Reading from out-of-range address. Max address in TestBench.ppU.DM.inst is         255
WARNING in TestBench.ppU.DM.inst at time               725000 ns: 
Reading from out-of-range address. Max address in TestBench.ppU.DM.inst is         255
WARNING in TestBench.ppU.DM.inst at time               755000 ns: 
Reading from out-of-range address. Max address in TestBench.ppU.DM.inst is         255
WARNING in TestBench.ppU.DM.inst at time               785000 ns: 
Reading from out-of-range address. Max address in TestBench.ppU.DM.inst is         255
WARNING in TestBench.ppU.DM.inst at time               815000 ns: 
Reading from out-of-range address. Max address in TestBench.ppU.DM.inst is         255
WARNING in TestBench.ppU.DM.inst at time               845000 ns: 
Reading from out-of-range address. Max address in TestBench.ppU.DM.inst is         255
WARNING in TestBench.ppU.DM.inst at time               875000 ns: 
Reading from out-of-range address. Max address in TestBench.ppU.DM.inst is         255
WARNING in TestBench.ppU.DM.inst at time               905000 ns: 
Reading from out-of-range address. Max address in TestBench.ppU.DM.inst is         255
WARNING in TestBench.ppU.DM.inst at time               935000 ns: 
Reading from out-of-range address. Max address in TestBench.ppU.DM.inst is         255
WARNING in TestBench.ppU.DM.inst at time               965000 ns: 
Reading from out-of-range address. Max address in TestBench.ppU.DM.inst is         255
WARNING in TestBench.ppU.DM.inst at time               995000 ns: 
Reading from out-of-range address. Max address in TestBench.ppU.DM.inst is         255
