Vivado Simulator 2019.1
Time resolution is 1 ps
WARNING: This core is supplied with a behavioral model. To model cycle-accurate behavior you must run timing simulation.
WARNING: This core is supplied with a behavioral model. To model cycle-accurate behavior you must run timing simulation.
WARNING in testbench.pipe.DM.inst at time                85000 ns: 
Reading from out-of-range address. Max address in testbench.pipe.DM.inst is         255
WARNING in testbench.pipe.DM.inst at time               145000 ns: 
Reading from out-of-range address. Max address in testbench.pipe.DM.inst is         255
WARNING in testbench.pipe.DM.inst at time               355000 ns: 
Reading from out-of-range address. Max address in testbench.pipe.DM.inst is         255
WARNING in testbench.pipe.DM.inst at time               385000 ns: 
Reading from out-of-range address. Max address in testbench.pipe.DM.inst is         255
WARNING in testbench.pipe.DM.inst at time               535000 ns: 
Reading from out-of-range address. Max address in testbench.pipe.DM.inst is         255
WARNING in testbench.pipe.DM.inst at time               565000 ns: 
Reading from out-of-range address. Max address in testbench.pipe.DM.inst is         255
WARNING in testbench.pipe.DM.inst at time               715000 ns: 
Reading from out-of-range address. Max address in testbench.pipe.DM.inst is         255
WARNING in testbench.pipe.DM.inst at time               745000 ns: 
Reading from out-of-range address. Max address in testbench.pipe.DM.inst is         255
WARNING in testbench.pipe.DM.inst at time               895000 ns: 
Reading from out-of-range address. Max address in testbench.pipe.DM.inst is         255
WARNING in testbench.pipe.DM.inst at time               925000 ns: 
Reading from out-of-range address. Max address in testbench.pipe.DM.inst is         255
